<?xml version="1.0" encoding="UTF-8"?>
<testsuite xmlns:xsi="http://www.w3.org/2001/XMLSchema-instance" xsi:noNamespaceSchemaLocation="https://maven.apache.org/surefire/maven-surefire-plugin/xsd/surefire-test-report-3.0.xsd" version="3.0" name="com.github.cedelsb.kafka.connect.smt.converter.SinkFieldConverterTest" time="0.057" tests="61" errors="0" skipped="0" failures="0">
  <properties>
    <property name="java.specification.version" value="23"/>
    <property name="sun.jnu.encoding" value="UTF-8"/>
    <property name="java.class.path" value="/run/media/blitz/Gaming/development/ntt/ntt/kafka-connect-transform-tojsonstring/target/test-classes:/run/media/blitz/Gaming/development/ntt/ntt/kafka-connect-transform-tojsonstring/target/classes:/home/blitz/.m2/repository/org/apache/kafka/connect-api/3.3.1/connect-api-3.3.1.jar:/home/blitz/.m2/repository/org/apache/kafka/kafka-clients/3.3.1/kafka-clients-3.3.1.jar:/home/blitz/.m2/repository/com/github/luben/zstd-jni/1.5.2-1/zstd-jni-1.5.2-1.jar:/home/blitz/.m2/repository/org/lz4/lz4-java/1.8.0/lz4-java-1.8.0.jar:/home/blitz/.m2/repository/org/xerial/snappy/snappy-java/1.1.8.4/snappy-java-1.1.8.4.jar:/home/blitz/.m2/repository/org/slf4j/slf4j-api/1.7.36/slf4j-api-1.7.36.jar:/home/blitz/.m2/repository/javax/ws/rs/javax.ws.rs-api/2.1.1/javax.ws.rs-api-2.1.1.jar:/home/blitz/.m2/repository/org/apache/kafka/connect-transforms/3.3.1/connect-transforms-3.3.1.jar:/home/blitz/.m2/repository/org/junit/jupiter/junit-jupiter-engine/5.5.2/junit-jupiter-engine-5.5.2.jar:/home/blitz/.m2/repository/org/apiguardian/apiguardian-api/1.1.0/apiguardian-api-1.1.0.jar:/home/blitz/.m2/repository/org/junit/platform/junit-platform-engine/1.5.2/junit-platform-engine-1.5.2.jar:/home/blitz/.m2/repository/org/opentest4j/opentest4j/1.2.0/opentest4j-1.2.0.jar:/home/blitz/.m2/repository/org/junit/platform/junit-platform-commons/1.5.2/junit-platform-commons-1.5.2.jar:/home/blitz/.m2/repository/org/junit/jupiter/junit-jupiter-api/5.5.2/junit-jupiter-api-5.5.2.jar:/home/blitz/.m2/repository/org/junit/jupiter/junit-jupiter-params/5.5.2/junit-jupiter-params-5.5.2.jar:/home/blitz/.m2/repository/org/junit/vintage/junit-vintage-engine/5.5.2/junit-vintage-engine-5.5.2.jar:/home/blitz/.m2/repository/junit/junit/4.12/junit-4.12.jar:/home/blitz/.m2/repository/org/hamcrest/hamcrest-core/1.3/hamcrest-core-1.3.jar:/home/blitz/.m2/repository/org/junit/platform/junit-platform-runner/1.5.2/junit-platform-runner-1.5.2.jar:/home/blitz/.m2/repository/org/junit/platform/junit-platform-launcher/1.5.2/junit-platform-launcher-1.5.2.jar:/home/blitz/.m2/repository/org/junit/platform/junit-platform-suite-api/1.5.2/junit-platform-suite-api-1.5.2.jar:/home/blitz/.m2/repository/org/junit/platform/junit-platform-console/1.5.2/junit-platform-console-1.5.2.jar:/home/blitz/.m2/repository/org/junit/platform/junit-platform-reporting/1.5.2/junit-platform-reporting-1.5.2.jar:/home/blitz/.m2/repository/org/hamcrest/hamcrest-junit/2.0.0.0/hamcrest-junit-2.0.0.0.jar:/home/blitz/.m2/repository/org/hamcrest/java-hamcrest/2.0.0.0/java-hamcrest-2.0.0.0.jar:/home/blitz/.m2/repository/org/mockito/mockito-core/3.2.4/mockito-core-3.2.4.jar:/home/blitz/.m2/repository/net/bytebuddy/byte-buddy/1.10.5/byte-buddy-1.10.5.jar:/home/blitz/.m2/repository/net/bytebuddy/byte-buddy-agent/1.10.5/byte-buddy-agent-1.10.5.jar:/home/blitz/.m2/repository/org/objenesis/objenesis/2.6/objenesis-2.6.jar:/home/blitz/.m2/repository/com/github/javadev/underscore/1.81/underscore-1.81.jar:/home/blitz/.m2/repository/org/mongodb/bson/4.8.0/bson-4.8.0.jar:/home/blitz/.m2/repository/ch/qos/logback/logback-classic/1.4.14/logback-classic-1.4.14.jar:/home/blitz/.m2/repository/ch/qos/logback/logback-core/1.4.14/logback-core-1.4.14.jar:/home/blitz/.m2/repository/org/testcontainers/testcontainers/1.19.3/testcontainers-1.19.3.jar:/home/blitz/.m2/repository/org/apache/commons/commons-compress/1.24.0/commons-compress-1.24.0.jar:/home/blitz/.m2/repository/org/rnorth/duct-tape/duct-tape/1.0.8/duct-tape-1.0.8.jar:/home/blitz/.m2/repository/org/jetbrains/annotations/17.0.0/annotations-17.0.0.jar:/home/blitz/.m2/repository/com/github/docker-java/docker-java-api/3.3.4/docker-java-api-3.3.4.jar:/home/blitz/.m2/repository/com/github/docker-java/docker-java-transport-zerodep/3.3.4/docker-java-transport-zerodep-3.3.4.jar:/home/blitz/.m2/repository/com/github/docker-java/docker-java-transport/3.3.4/docker-java-transport-3.3.4.jar:/home/blitz/.m2/repository/net/java/dev/jna/jna/5.13.0/jna-5.13.0.jar:/home/blitz/.m2/repository/org/testcontainers/kafka/1.19.3/kafka-1.19.3.jar:/home/blitz/.m2/repository/com/esotericsoftware/yamlbeans/yamlbeans/1.15/yamlbeans-1.15.jar:/home/blitz/.m2/repository/com/squareup/okhttp3/okhttp/4.10.0/okhttp-4.10.0.jar:/home/blitz/.m2/repository/com/squareup/okio/okio-jvm/3.0.0/okio-jvm-3.0.0.jar:/home/blitz/.m2/repository/org/jetbrains/kotlin/kotlin-stdlib-jdk8/1.5.31/kotlin-stdlib-jdk8-1.5.31.jar:/home/blitz/.m2/repository/org/jetbrains/kotlin/kotlin-stdlib-jdk7/1.5.31/kotlin-stdlib-jdk7-1.5.31.jar:/home/blitz/.m2/repository/org/jetbrains/kotlin/kotlin-stdlib-common/1.5.31/kotlin-stdlib-common-1.5.31.jar:/home/blitz/.m2/repository/org/jetbrains/kotlin/kotlin-stdlib/1.6.20/kotlin-stdlib-1.6.20.jar:/home/blitz/.m2/repository/org/apache/avro/avro/1.11.1/avro-1.11.1.jar:/home/blitz/.m2/repository/com/fasterxml/jackson/core/jackson-core/2.12.7/jackson-core-2.12.7.jar:/home/blitz/.m2/repository/com/fasterxml/jackson/core/jackson-databind/2.12.7/jackson-databind-2.12.7.jar:/home/blitz/.m2/repository/io/confluent/kafka-avro-serializer/7.2.2/kafka-avro-serializer-7.2.2.jar:/home/blitz/.m2/repository/io/confluent/kafka-schema-serializer/7.2.2/kafka-schema-serializer-7.2.2.jar:/home/blitz/.m2/repository/io/confluent/kafka-schema-registry-client/7.2.2/kafka-schema-registry-client-7.2.2.jar:/home/blitz/.m2/repository/io/swagger/core/v3/swagger-annotations/2.1.10/swagger-annotations-2.1.10.jar:/home/blitz/.m2/repository/com/google/guava/guava/30.1.1-jre/guava-30.1.1-jre.jar:/home/blitz/.m2/repository/com/google/guava/failureaccess/1.0.1/failureaccess-1.0.1.jar:/home/blitz/.m2/repository/com/google/guava/listenablefuture/9999.0-empty-to-avoid-conflict-with-guava/listenablefuture-9999.0-empty-to-avoid-conflict-with-guava.jar:/home/blitz/.m2/repository/com/google/code/findbugs/jsr305/3.0.2/jsr305-3.0.2.jar:/home/blitz/.m2/repository/com/google/errorprone/error_prone_annotations/2.5.1/error_prone_annotations-2.5.1.jar:/home/blitz/.m2/repository/com/google/j2objc/j2objc-annotations/1.3/j2objc-annotations-1.3.jar:/home/blitz/.m2/repository/io/confluent/logredactor/1.0.10/logredactor-1.0.10.jar:/home/blitz/.m2/repository/com/google/re2j/re2j/1.6/re2j-1.6.jar:/home/blitz/.m2/repository/io/confluent/logredactor-metrics/1.0.10/logredactor-metrics-1.0.10.jar:/home/blitz/.m2/repository/com/eclipsesource/minimal-json/minimal-json/0.9.5/minimal-json-0.9.5.jar:/home/blitz/.m2/repository/io/confluent/common-utils/7.2.2/common-utils-7.2.2.jar:/home/blitz/.m2/repository/com/fasterxml/jackson/core/jackson-annotations/2.13.4/jackson-annotations-2.13.4.jar:/home/blitz/.m2/repository/org/postgresql/postgresql/42.5.0/postgresql-42.5.0.jar:/home/blitz/.m2/repository/org/checkerframework/checker-qual/3.5.0/checker-qual-3.5.0.jar:/home/blitz/.m2/repository/org/slf4j/slf4j-simple/2.0.9/slf4j-simple-2.0.9.jar:"/>
    <property name="java.vm.vendor" value="Arch Linux"/>
    <property name="sun.arch.data.model" value="64"/>
    <property name="java.vendor.url" value="https://openjdk.org/"/>
    <property name="user.timezone" value="Europe/Madrid"/>
    <property name="os.name" value="Linux"/>
    <property name="java.vm.specification.version" value="23"/>
    <property name="sun.java.launcher" value="SUN_STANDARD"/>
    <property name="user.country" value="ES"/>
    <property name="sun.boot.library.path" value="/usr/lib/jvm/java-23-openjdk/lib"/>
    <property name="sun.java.command" value="/run/media/blitz/Gaming/development/ntt/ntt/kafka-connect-transform-tojsonstring/target/surefire/surefirebooter-20250206193910296_3.jar /run/media/blitz/Gaming/development/ntt/ntt/kafka-connect-transform-tojsonstring/target/surefire 2025-02-06T19-39-10_236-jvmRun1 surefire-20250206193910296_1tmp surefire_0-20250206193910296_2tmp"/>
    <property name="jdk.debug" value="release"/>
    <property name="surefire.test.class.path" value="/run/media/blitz/Gaming/development/ntt/ntt/kafka-connect-transform-tojsonstring/target/test-classes:/run/media/blitz/Gaming/development/ntt/ntt/kafka-connect-transform-tojsonstring/target/classes:/home/blitz/.m2/repository/org/apache/kafka/connect-api/3.3.1/connect-api-3.3.1.jar:/home/blitz/.m2/repository/org/apache/kafka/kafka-clients/3.3.1/kafka-clients-3.3.1.jar:/home/blitz/.m2/repository/com/github/luben/zstd-jni/1.5.2-1/zstd-jni-1.5.2-1.jar:/home/blitz/.m2/repository/org/lz4/lz4-java/1.8.0/lz4-java-1.8.0.jar:/home/blitz/.m2/repository/org/xerial/snappy/snappy-java/1.1.8.4/snappy-java-1.1.8.4.jar:/home/blitz/.m2/repository/org/slf4j/slf4j-api/1.7.36/slf4j-api-1.7.36.jar:/home/blitz/.m2/repository/javax/ws/rs/javax.ws.rs-api/2.1.1/javax.ws.rs-api-2.1.1.jar:/home/blitz/.m2/repository/org/apache/kafka/connect-transforms/3.3.1/connect-transforms-3.3.1.jar:/home/blitz/.m2/repository/org/junit/jupiter/junit-jupiter-engine/5.5.2/junit-jupiter-engine-5.5.2.jar:/home/blitz/.m2/repository/org/apiguardian/apiguardian-api/1.1.0/apiguardian-api-1.1.0.jar:/home/blitz/.m2/repository/org/junit/platform/junit-platform-engine/1.5.2/junit-platform-engine-1.5.2.jar:/home/blitz/.m2/repository/org/opentest4j/opentest4j/1.2.0/opentest4j-1.2.0.jar:/home/blitz/.m2/repository/org/junit/platform/junit-platform-commons/1.5.2/junit-platform-commons-1.5.2.jar:/home/blitz/.m2/repository/org/junit/jupiter/junit-jupiter-api/5.5.2/junit-jupiter-api-5.5.2.jar:/home/blitz/.m2/repository/org/junit/jupiter/junit-jupiter-params/5.5.2/junit-jupiter-params-5.5.2.jar:/home/blitz/.m2/repository/org/junit/vintage/junit-vintage-engine/5.5.2/junit-vintage-engine-5.5.2.jar:/home/blitz/.m2/repository/junit/junit/4.12/junit-4.12.jar:/home/blitz/.m2/repository/org/hamcrest/hamcrest-core/1.3/hamcrest-core-1.3.jar:/home/blitz/.m2/repository/org/junit/platform/junit-platform-runner/1.5.2/junit-platform-runner-1.5.2.jar:/home/blitz/.m2/repository/org/junit/platform/junit-platform-launcher/1.5.2/junit-platform-launcher-1.5.2.jar:/home/blitz/.m2/repository/org/junit/platform/junit-platform-suite-api/1.5.2/junit-platform-suite-api-1.5.2.jar:/home/blitz/.m2/repository/org/junit/platform/junit-platform-console/1.5.2/junit-platform-console-1.5.2.jar:/home/blitz/.m2/repository/org/junit/platform/junit-platform-reporting/1.5.2/junit-platform-reporting-1.5.2.jar:/home/blitz/.m2/repository/org/hamcrest/hamcrest-junit/2.0.0.0/hamcrest-junit-2.0.0.0.jar:/home/blitz/.m2/repository/org/hamcrest/java-hamcrest/2.0.0.0/java-hamcrest-2.0.0.0.jar:/home/blitz/.m2/repository/org/mockito/mockito-core/3.2.4/mockito-core-3.2.4.jar:/home/blitz/.m2/repository/net/bytebuddy/byte-buddy/1.10.5/byte-buddy-1.10.5.jar:/home/blitz/.m2/repository/net/bytebuddy/byte-buddy-agent/1.10.5/byte-buddy-agent-1.10.5.jar:/home/blitz/.m2/repository/org/objenesis/objenesis/2.6/objenesis-2.6.jar:/home/blitz/.m2/repository/com/github/javadev/underscore/1.81/underscore-1.81.jar:/home/blitz/.m2/repository/org/mongodb/bson/4.8.0/bson-4.8.0.jar:/home/blitz/.m2/repository/ch/qos/logback/logback-classic/1.4.14/logback-classic-1.4.14.jar:/home/blitz/.m2/repository/ch/qos/logback/logback-core/1.4.14/logback-core-1.4.14.jar:/home/blitz/.m2/repository/org/testcontainers/testcontainers/1.19.3/testcontainers-1.19.3.jar:/home/blitz/.m2/repository/org/apache/commons/commons-compress/1.24.0/commons-compress-1.24.0.jar:/home/blitz/.m2/repository/org/rnorth/duct-tape/duct-tape/1.0.8/duct-tape-1.0.8.jar:/home/blitz/.m2/repository/org/jetbrains/annotations/17.0.0/annotations-17.0.0.jar:/home/blitz/.m2/repository/com/github/docker-java/docker-java-api/3.3.4/docker-java-api-3.3.4.jar:/home/blitz/.m2/repository/com/github/docker-java/docker-java-transport-zerodep/3.3.4/docker-java-transport-zerodep-3.3.4.jar:/home/blitz/.m2/repository/com/github/docker-java/docker-java-transport/3.3.4/docker-java-transport-3.3.4.jar:/home/blitz/.m2/repository/net/java/dev/jna/jna/5.13.0/jna-5.13.0.jar:/home/blitz/.m2/repository/org/testcontainers/kafka/1.19.3/kafka-1.19.3.jar:/home/blitz/.m2/repository/com/esotericsoftware/yamlbeans/yamlbeans/1.15/yamlbeans-1.15.jar:/home/blitz/.m2/repository/com/squareup/okhttp3/okhttp/4.10.0/okhttp-4.10.0.jar:/home/blitz/.m2/repository/com/squareup/okio/okio-jvm/3.0.0/okio-jvm-3.0.0.jar:/home/blitz/.m2/repository/org/jetbrains/kotlin/kotlin-stdlib-jdk8/1.5.31/kotlin-stdlib-jdk8-1.5.31.jar:/home/blitz/.m2/repository/org/jetbrains/kotlin/kotlin-stdlib-jdk7/1.5.31/kotlin-stdlib-jdk7-1.5.31.jar:/home/blitz/.m2/repository/org/jetbrains/kotlin/kotlin-stdlib-common/1.5.31/kotlin-stdlib-common-1.5.31.jar:/home/blitz/.m2/repository/org/jetbrains/kotlin/kotlin-stdlib/1.6.20/kotlin-stdlib-1.6.20.jar:/home/blitz/.m2/repository/org/apache/avro/avro/1.11.1/avro-1.11.1.jar:/home/blitz/.m2/repository/com/fasterxml/jackson/core/jackson-core/2.12.7/jackson-core-2.12.7.jar:/home/blitz/.m2/repository/com/fasterxml/jackson/core/jackson-databind/2.12.7/jackson-databind-2.12.7.jar:/home/blitz/.m2/repository/io/confluent/kafka-avro-serializer/7.2.2/kafka-avro-serializer-7.2.2.jar:/home/blitz/.m2/repository/io/confluent/kafka-schema-serializer/7.2.2/kafka-schema-serializer-7.2.2.jar:/home/blitz/.m2/repository/io/confluent/kafka-schema-registry-client/7.2.2/kafka-schema-registry-client-7.2.2.jar:/home/blitz/.m2/repository/io/swagger/core/v3/swagger-annotations/2.1.10/swagger-annotations-2.1.10.jar:/home/blitz/.m2/repository/com/google/guava/guava/30.1.1-jre/guava-30.1.1-jre.jar:/home/blitz/.m2/repository/com/google/guava/failureaccess/1.0.1/failureaccess-1.0.1.jar:/home/blitz/.m2/repository/com/google/guava/listenablefuture/9999.0-empty-to-avoid-conflict-with-guava/listenablefuture-9999.0-empty-to-avoid-conflict-with-guava.jar:/home/blitz/.m2/repository/com/google/code/findbugs/jsr305/3.0.2/jsr305-3.0.2.jar:/home/blitz/.m2/repository/com/google/errorprone/error_prone_annotations/2.5.1/error_prone_annotations-2.5.1.jar:/home/blitz/.m2/repository/com/google/j2objc/j2objc-annotations/1.3/j2objc-annotations-1.3.jar:/home/blitz/.m2/repository/io/confluent/logredactor/1.0.10/logredactor-1.0.10.jar:/home/blitz/.m2/repository/com/google/re2j/re2j/1.6/re2j-1.6.jar:/home/blitz/.m2/repository/io/confluent/logredactor-metrics/1.0.10/logredactor-metrics-1.0.10.jar:/home/blitz/.m2/repository/com/eclipsesource/minimal-json/minimal-json/0.9.5/minimal-json-0.9.5.jar:/home/blitz/.m2/repository/io/confluent/common-utils/7.2.2/common-utils-7.2.2.jar:/home/blitz/.m2/repository/com/fasterxml/jackson/core/jackson-annotations/2.13.4/jackson-annotations-2.13.4.jar:/home/blitz/.m2/repository/org/postgresql/postgresql/42.5.0/postgresql-42.5.0.jar:/home/blitz/.m2/repository/org/checkerframework/checker-qual/3.5.0/checker-qual-3.5.0.jar:/home/blitz/.m2/repository/org/slf4j/slf4j-simple/2.0.9/slf4j-simple-2.0.9.jar:"/>
    <property name="sun.cpu.endian" value="little"/>
    <property name="user.home" value="/home/blitz"/>
    <property name="user.language" value="es"/>
    <property name="java.specification.vendor" value="Oracle Corporation"/>
    <property name="java.version.date" value="2025-01-21"/>
    <property name="java.home" value="/usr/lib/jvm/java-23-openjdk"/>
    <property name="file.separator" value="/"/>
    <property name="basedir" value="/run/media/blitz/Gaming/development/ntt/ntt/kafka-connect-transform-tojsonstring"/>
    <property name="java.vm.compressedOopsMode" value="Zero based"/>
    <property name="line.separator" value="&#10;"/>
    <property name="java.specification.name" value="Java Platform API Specification"/>
    <property name="java.vm.specification.vendor" value="Oracle Corporation"/>
    <property name="surefire.real.class.path" value="/run/media/blitz/Gaming/development/ntt/ntt/kafka-connect-transform-tojsonstring/target/surefire/surefirebooter-20250206193910296_3.jar"/>
    <property name="sun.management.compiler" value="HotSpot 64-Bit Tiered Compilers"/>
    <property name="java.runtime.version" value="23.0.2"/>
    <property name="user.name" value="blitz"/>
    <property name="stdout.encoding" value="UTF-8"/>
    <property name="path.separator" value=":"/>
    <property name="os.version" value="6.13.1-arch1-1"/>
    <property name="java.runtime.name" value="OpenJDK Runtime Environment"/>
    <property name="file.encoding" value="UTF-8"/>
    <property name="java.vm.name" value="OpenJDK 64-Bit Server VM"/>
    <property name="localRepository" value="/home/blitz/.m2/repository"/>
    <property name="java.vendor.url.bug" value="https://bugreport.java.com/bugreport/"/>
    <property name="java.io.tmpdir" value="/tmp"/>
    <property name="java.version" value="23.0.2"/>
    <property name="user.dir" value="/run/media/blitz/Gaming/development/ntt/ntt/kafka-connect-transform-tojsonstring"/>
    <property name="os.arch" value="amd64"/>
    <property name="java.vm.specification.name" value="Java Virtual Machine Specification"/>
    <property name="native.encoding" value="UTF-8"/>
    <property name="java.library.path" value=":/opt/cuda/lib64:/opt/cuda/lib:/usr/java/packages/lib:/usr/lib64:/lib64:/lib:/usr/lib"/>
    <property name="java.vm.info" value="mixed mode, sharing"/>
    <property name="stderr.encoding" value="UTF-8"/>
    <property name="java.vendor" value="Arch Linux"/>
    <property name="java.vm.version" value="23.0.2"/>
    <property name="sun.io.unicode.encoding" value="UnicodeLittle"/>
    <property name="java.class.version" value="67.0"/>
  </properties>
  <testcase name="conversion with BooleanFieldConverter for true" classname="tests for boolean field conversions" time="0.0">
    <system-err><![CDATA[feb 06, 2025 7:39:11 P. M. org.junit.vintage.engine.discovery.DefensiveAllDefaultPossibilitiesBuilder$DefensiveAnnotatedBuilder buildRunner
ADVERTENCIA: Ignoring test class using JUnitPlatform runner: com.github.cedelsb.kafka.connect.smt.converter.SinkFieldConverterTest
]]></system-err>
  </testcase>
  <testcase name="conversion with BooleanFieldConverter for false" classname="tests for boolean field conversions" time="0.0"/>
  <testcase name="optional type conversion checks" classname="tests for boolean field conversions" time="0.0"/>
  <testcase name="conversion with Int32FieldConverter for -2147483648" classname="tests for int32 field conversions" time="0.0"/>
  <testcase name="conversion with Int32FieldConverter for 0" classname="tests for int32 field conversions" time="0.0"/>
  <testcase name="conversion with Int32FieldConverter for 2147483647" classname="tests for int32 field conversions" time="0.0"/>
  <testcase name="optional type conversions" classname="tests for int32 field conversions" time="0.0"/>
  <testcase name="conversion with Float32FieldConverter for 1.4E-45" classname="tests for float32 field conversions" time="0.0"/>
  <testcase name="conversion with Float32FieldConverter for 0.0" classname="tests for float32 field conversions" time="0.0"/>
  <testcase name="conversion with Float32FieldConverter for 3.4028235E38" classname="tests for float32 field conversions" time="0.0"/>
  <testcase name="optional type conversions" classname="tests for float32 field conversions" time="0.0"/>
  <testcase name="conversion with BytesFieldConverter for java.nio.HeapByteBuffer[pos=0 lim=3 cap=3] -&gt; [-128, -127, 0]" classname="tests for bytes field conversions based on ByteBuffer" time="0.0"/>
  <testcase name="conversion with BytesFieldConverter for java.nio.HeapByteBuffer[pos=0 lim=0 cap=0] -&gt; []" classname="tests for bytes field conversions based on ByteBuffer" time="0.001"/>
  <testcase name="conversion with BytesFieldConverter for java.nio.HeapByteBuffer[pos=0 lim=3 cap=3] -&gt; [0, 126, 127]" classname="tests for bytes field conversions based on ByteBuffer" time="0.0"/>
  <testcase name="optional type conversions" classname="tests for bytes field conversions based on ByteBuffer" time="0.002"/>
  <testcase name="conversion with StringFieldConverter for fooFOO" classname="tests for string field conversions" time="0.0"/>
  <testcase name="conversion with StringFieldConverter for " classname="tests for string field conversions" time="0.0"/>
  <testcase name="conversion with StringFieldConverter for blahBLAH" classname="tests for string field conversions" time="0.0"/>
  <testcase name="optional type conversions" classname="tests for string field conversions" time="0.0"/>
  <testcase name="conversion with DateFieldConverter for Thu Jan 01 00:00:00 CET 1970" classname="tests for logical type date field conversions" time="0.001"/>
  <testcase name="conversion with DateFieldConverter for Sun Jul 31 00:00:00 CEST 1983" classname="tests for logical type date field conversions" time="0.0"/>
  <testcase name="conversion with DateFieldConverter for Thu Feb 06 00:00:00 CET 2025" classname="tests for logical type date field conversions" time="0.0"/>
  <testcase name="optional type conversions" classname="tests for logical type date field conversions" time="0.0"/>
  <testcase name="conversion with BytesFieldConverter for [-128, -127, 0]" classname="tests for bytes field conversions based on byte[]" time="0.0"/>
  <testcase name="conversion with BytesFieldConverter for []" classname="tests for bytes field conversions based on byte[]" time="0.0"/>
  <testcase name="conversion with BytesFieldConverter for [0, 126, 127]" classname="tests for bytes field conversions based on byte[]" time="0.0"/>
  <testcase name="optional type conversions" classname="tests for bytes field conversions based on byte[]" time="0.001"/>
  <testcase name="conversion with Int8FieldConverter for -128" classname="tests for int8 field conversions" time="0.0"/>
  <testcase name="conversion with Int8FieldConverter for 0" classname="tests for int8 field conversions" time="0.0"/>
  <testcase name="conversion with Int8FieldConverter for 127" classname="tests for int8 field conversions" time="0.0"/>
  <testcase name="optional type conversions" classname="tests for int8 field conversions" time="0.001"/>
  <testcase name="conversion with DecimalFieldConverter for -1234567890.09876543210(tests for logical type decimal field conversions " classname="new)" time="0.001"/>
  <testcase name="conversion with DecimalFieldConverter for 0(tests for logical type decimal field conversions " classname="new)" time="0.0"/>
  <testcase name="conversion with DecimalFieldConverter for 1234567890.09876543210(tests for logical type decimal field conversions " classname="new)" time="0.0"/>
  <testcase name="optional type conversions(tests for logical type decimal field conversions " classname="new)" time="0.001"/>
  <testcase name="conversion with Int64FieldConverter for -9223372036854775808" classname="tests for int64 field conversions" time="0.0"/>
  <testcase name="conversion with Int64FieldConverter for 0" classname="tests for int64 field conversions" time="0.0"/>
  <testcase name="conversion with Int64FieldConverter for 9223372036854775807" classname="tests for int64 field conversions" time="0.001"/>
  <testcase name="optional type conversions" classname="tests for int64 field conversions" time="0.0"/>
  <testcase name="conversion with Float64FieldConverter for 4.9E-324" classname="tests for float64 field conversions" time="0.0"/>
  <testcase name="conversion with Float64FieldConverter for 0.0" classname="tests for float64 field conversions" time="0.0"/>
  <testcase name="conversion with Float64FieldConverter for 1.7976931348623157E308" classname="tests for float64 field conversions" time="0.0"/>
  <testcase name="optional type conversions" classname="tests for float64 field conversions" time="0.001"/>
  <testcase name="conversion with TimestampFieldConverter for Thu Jan 01 00:00:00 CET 1970" classname="tests for logical type timestamp field conversions" time="0.0"/>
  <testcase name="conversion with TimestampFieldConverter for Sun Jul 31 00:00:00 CEST 1983" classname="tests for logical type timestamp field conversions" time="0.0"/>
  <testcase name="conversion with TimestampFieldConverter for Thu Feb 06 00:00:00 CET 2025" classname="tests for logical type timestamp field conversions" time="0.0"/>
  <testcase name="optional type conversions" classname="tests for logical type timestamp field conversions" time="0.001"/>
  <testcase name="tests for bytes field conversions with invalid type" classname="SinkFieldConverterTest" time="0.0"/>
  <testcase name="tests for logical type decimal field conversions (invalid)" classname="SinkFieldConverterTest" time="0.0"/>
  <testcase name="conversion with Int16FieldConverter for -32768" classname="tests for int16 field conversions" time="0.0"/>
  <testcase name="conversion with Int16FieldConverter for 0" classname="tests for int16 field conversions" time="0.0"/>
  <testcase name="conversion with Int16FieldConverter for 32767" classname="tests for int16 field conversions" time="0.0"/>
  <testcase name="optional type conversions" classname="tests for int16 field conversions" time="0.001"/>
  <testcase name="conversion with DecimalFieldConverter for -1234567890.09876543210(tests for logical type decimal field conversions " classname="legacy)" time="0.0"/>
  <testcase name="conversion with DecimalFieldConverter for 0(tests for logical type decimal field conversions " classname="legacy)" time="0.0"/>
  <testcase name="conversion with DecimalFieldConverter for 1234567890.09876543210(tests for logical type decimal field conversions " classname="legacy)" time="0.0"/>
  <testcase name="optional type conversions(tests for logical type decimal field conversions " classname="legacy)" time="0.001"/>
  <testcase name="conversion with TimeFieldConverter for Thu Jan 01 00:00:00 CET 1970" classname="tests for logical type time field conversions" time="0.0"/>
  <testcase name="conversion with TimeFieldConverter for Thu Jan 01 12:00:00 CET 1970" classname="tests for logical type time field conversions" time="0.0"/>
  <testcase name="optional type conversions" classname="tests for logical type time field conversions" time="0.001"/>
  <testcase name="" classname="JUnit Vintage" time="0.0"/>
</testsuite>