<?xml version="1.0" encoding="UTF-8"?>
<testsuite xmlns:xsi="http://www.w3.org/2001/XMLSchema-instance" xsi:noNamespaceSchemaLocation="https://maven.apache.org/surefire/maven-surefire-plugin/xsd/surefire-test-report-3.0.xsd" version="3.0" name="com.github.cedelsb.kafka.connect.smt.Record2JsonStringConverterTest" time="0.147" tests="14" errors="0" skipped="0" failures="0">
  <properties>
    <property name="java.specification.version" value="23"/>
    <property name="sun.jnu.encoding" value="UTF-8"/>
    <property name="java.class.path" value="/run/media/blitz/Gaming/development/ntt/ntt/kafka-connect-transform-tojsonstring/target/test-classes:/run/media/blitz/Gaming/development/ntt/ntt/kafka-connect-transform-tojsonstring/target/classes:/home/blitz/.m2/repository/org/apache/kafka/connect-api/3.3.1/connect-api-3.3.1.jar:/home/blitz/.m2/repository/org/apache/kafka/kafka-clients/3.3.1/kafka-clients-3.3.1.jar:/home/blitz/.m2/repository/com/github/luben/zstd-jni/1.5.2-1/zstd-jni-1.5.2-1.jar:/home/blitz/.m2/repository/org/lz4/lz4-java/1.8.0/lz4-java-1.8.0.jar:/home/blitz/.m2/repository/org/xerial/snappy/snappy-java/1.1.8.4/snappy-java-1.1.8.4.jar:/home/blitz/.m2/repository/org/slf4j/slf4j-api/1.7.36/slf4j-api-1.7.36.jar:/home/blitz/.m2/repository/javax/ws/rs/javax.ws.rs-api/2.1.1/javax.ws.rs-api-2.1.1.jar:/home/blitz/.m2/repository/org/apache/kafka/connect-transforms/3.3.1/connect-transforms-3.3.1.jar:/home/blitz/.m2/repository/org/junit/jupiter/junit-jupiter-engine/5.5.2/junit-jupiter-engine-5.5.2.jar:/home/blitz/.m2/repository/org/apiguardian/apiguardian-api/1.1.0/apiguardian-api-1.1.0.jar:/home/blitz/.m2/repository/org/junit/platform/junit-platform-engine/1.5.2/junit-platform-engine-1.5.2.jar:/home/blitz/.m2/repository/org/opentest4j/opentest4j/1.2.0/opentest4j-1.2.0.jar:/home/blitz/.m2/repository/org/junit/platform/junit-platform-commons/1.5.2/junit-platform-commons-1.5.2.jar:/home/blitz/.m2/repository/org/junit/jupiter/junit-jupiter-api/5.5.2/junit-jupiter-api-5.5.2.jar:/home/blitz/.m2/repository/org/junit/jupiter/junit-jupiter-params/5.5.2/junit-jupiter-params-5.5.2.jar:/home/blitz/.m2/repository/org/junit/vintage/junit-vintage-engine/5.5.2/junit-vintage-engine-5.5.2.jar:/home/blitz/.m2/repository/junit/junit/4.12/junit-4.12.jar:/home/blitz/.m2/repository/org/hamcrest/hamcrest-core/1.3/hamcrest-core-1.3.jar:/home/blitz/.m2/repository/org/junit/platform/junit-platform-runner/1.5.2/junit-platform-runner-1.5.2.jar:/home/blitz/.m2/repository/org/junit/platform/junit-platform-launcher/1.5.2/junit-platform-launcher-1.5.2.jar:/home/blitz/.m2/repository/org/junit/platform/junit-platform-suite-api/1.5.2/junit-platform-suite-api-1.5.2.jar:/home/blitz/.m2/repository/org/junit/platform/junit-platform-console/1.5.2/junit-platform-console-1.5.2.jar:/home/blitz/.m2/repository/org/junit/platform/junit-platform-reporting/1.5.2/junit-platform-reporting-1.5.2.jar:/home/blitz/.m2/repository/org/hamcrest/hamcrest-junit/2.0.0.0/hamcrest-junit-2.0.0.0.jar:/home/blitz/.m2/repository/org/hamcrest/java-hamcrest/2.0.0.0/java-hamcrest-2.0.0.0.jar:/home/blitz/.m2/repository/org/mockito/mockito-core/3.2.4/mockito-core-3.2.4.jar:/home/blitz/.m2/repository/net/bytebuddy/byte-buddy/1.10.5/byte-buddy-1.10.5.jar:/home/blitz/.m2/repository/net/bytebuddy/byte-buddy-agent/1.10.5/byte-buddy-agent-1.10.5.jar:/home/blitz/.m2/repository/org/objenesis/objenesis/2.6/objenesis-2.6.jar:/home/blitz/.m2/repository/com/github/javadev/underscore/1.81/underscore-1.81.jar:/home/blitz/.m2/repository/org/mongodb/bson/4.8.0/bson-4.8.0.jar:/home/blitz/.m2/repository/ch/qos/logback/logback-classic/1.4.14/logback-classic-1.4.14.jar:/home/blitz/.m2/repository/ch/qos/logback/logback-core/1.4.14/logback-core-1.4.14.jar:/home/blitz/.m2/repository/org/testcontainers/testcontainers/1.19.3/testcontainers-1.19.3.jar:/home/blitz/.m2/repository/org/apache/commons/commons-compress/1.24.0/commons-compress-1.24.0.jar:/home/blitz/.m2/repository/org/rnorth/duct-tape/duct-tape/1.0.8/duct-tape-1.0.8.jar:/home/blitz/.m2/repository/org/jetbrains/annotations/17.0.0/annotations-17.0.0.jar:/home/blitz/.m2/repository/com/github/docker-java/docker-java-api/3.3.4/docker-java-api-3.3.4.jar:/home/blitz/.m2/repository/com/github/docker-java/docker-java-transport-zerodep/3.3.4/docker-java-transport-zerodep-3.3.4.jar:/home/blitz/.m2/repository/com/github/docker-java/docker-java-transport/3.3.4/docker-java-transport-3.3.4.jar:/home/blitz/.m2/repository/net/java/dev/jna/jna/5.13.0/jna-5.13.0.jar:/home/blitz/.m2/repository/org/testcontainers/kafka/1.19.3/kafka-1.19.3.jar:/home/blitz/.m2/repository/com/esotericsoftware/yamlbeans/yamlbeans/1.15/yamlbeans-1.15.jar:/home/blitz/.m2/repository/com/squareup/okhttp3/okhttp/4.10.0/okhttp-4.10.0.jar:/home/blitz/.m2/repository/com/squareup/okio/okio-jvm/3.0.0/okio-jvm-3.0.0.jar:/home/blitz/.m2/repository/org/jetbrains/kotlin/kotlin-stdlib-jdk8/1.5.31/kotlin-stdlib-jdk8-1.5.31.jar:/home/blitz/.m2/repository/org/jetbrains/kotlin/kotlin-stdlib-jdk7/1.5.31/kotlin-stdlib-jdk7-1.5.31.jar:/home/blitz/.m2/repository/org/jetbrains/kotlin/kotlin-stdlib-common/1.5.31/kotlin-stdlib-common-1.5.31.jar:/home/blitz/.m2/repository/org/jetbrains/kotlin/kotlin-stdlib/1.6.20/kotlin-stdlib-1.6.20.jar:/home/blitz/.m2/repository/org/apache/avro/avro/1.11.1/avro-1.11.1.jar:/home/blitz/.m2/repository/com/fasterxml/jackson/core/jackson-core/2.12.7/jackson-core-2.12.7.jar:/home/blitz/.m2/repository/com/fasterxml/jackson/core/jackson-databind/2.12.7/jackson-databind-2.12.7.jar:/home/blitz/.m2/repository/io/confluent/kafka-avro-serializer/7.2.2/kafka-avro-serializer-7.2.2.jar:/home/blitz/.m2/repository/io/confluent/kafka-schema-serializer/7.2.2/kafka-schema-serializer-7.2.2.jar:/home/blitz/.m2/repository/io/confluent/kafka-schema-registry-client/7.2.2/kafka-schema-registry-client-7.2.2.jar:/home/blitz/.m2/repository/io/swagger/core/v3/swagger-annotations/2.1.10/swagger-annotations-2.1.10.jar:/home/blitz/.m2/repository/com/google/guava/guava/30.1.1-jre/guava-30.1.1-jre.jar:/home/blitz/.m2/repository/com/google/guava/failureaccess/1.0.1/failureaccess-1.0.1.jar:/home/blitz/.m2/repository/com/google/guava/listenablefuture/9999.0-empty-to-avoid-conflict-with-guava/listenablefuture-9999.0-empty-to-avoid-conflict-with-guava.jar:/home/blitz/.m2/repository/com/google/code/findbugs/jsr305/3.0.2/jsr305-3.0.2.jar:/home/blitz/.m2/repository/com/google/errorprone/error_prone_annotations/2.5.1/error_prone_annotations-2.5.1.jar:/home/blitz/.m2/repository/com/google/j2objc/j2objc-annotations/1.3/j2objc-annotations-1.3.jar:/home/blitz/.m2/repository/io/confluent/logredactor/1.0.10/logredactor-1.0.10.jar:/home/blitz/.m2/repository/com/google/re2j/re2j/1.6/re2j-1.6.jar:/home/blitz/.m2/repository/io/confluent/logredactor-metrics/1.0.10/logredactor-metrics-1.0.10.jar:/home/blitz/.m2/repository/com/eclipsesource/minimal-json/minimal-json/0.9.5/minimal-json-0.9.5.jar:/home/blitz/.m2/repository/io/confluent/common-utils/7.2.2/common-utils-7.2.2.jar:/home/blitz/.m2/repository/com/fasterxml/jackson/core/jackson-annotations/2.13.4/jackson-annotations-2.13.4.jar:/home/blitz/.m2/repository/org/postgresql/postgresql/42.5.0/postgresql-42.5.0.jar:/home/blitz/.m2/repository/org/checkerframework/checker-qual/3.5.0/checker-qual-3.5.0.jar:/home/blitz/.m2/repository/org/slf4j/slf4j-simple/2.0.9/slf4j-simple-2.0.9.jar:"/>
    <property name="java.vm.vendor" value="Arch Linux"/>
    <property name="sun.arch.data.model" value="64"/>
    <property name="java.vendor.url" value="https://openjdk.org/"/>
    <property name="user.timezone" value="Europe/Madrid"/>
    <property name="os.name" value="Linux"/>
    <property name="java.vm.specification.version" value="23"/>
    <property name="sun.java.launcher" value="SUN_STANDARD"/>
    <property name="user.country" value="ES"/>
    <property name="sun.boot.library.path" value="/usr/lib/jvm/java-23-openjdk/lib"/>
    <property name="sun.java.command" value="/run/media/blitz/Gaming/development/ntt/ntt/kafka-connect-transform-tojsonstring/target/surefire/surefirebooter-20250206193910296_3.jar /run/media/blitz/Gaming/development/ntt/ntt/kafka-connect-transform-tojsonstring/target/surefire 2025-02-06T19-39-10_236-jvmRun1 surefire-20250206193910296_1tmp surefire_0-20250206193910296_2tmp"/>
    <property name="jdk.debug" value="release"/>
    <property name="surefire.test.class.path" value="/run/media/blitz/Gaming/development/ntt/ntt/kafka-connect-transform-tojsonstring/target/test-classes:/run/media/blitz/Gaming/development/ntt/ntt/kafka-connect-transform-tojsonstring/target/classes:/home/blitz/.m2/repository/org/apache/kafka/connect-api/3.3.1/connect-api-3.3.1.jar:/home/blitz/.m2/repository/org/apache/kafka/kafka-clients/3.3.1/kafka-clients-3.3.1.jar:/home/blitz/.m2/repository/com/github/luben/zstd-jni/1.5.2-1/zstd-jni-1.5.2-1.jar:/home/blitz/.m2/repository/org/lz4/lz4-java/1.8.0/lz4-java-1.8.0.jar:/home/blitz/.m2/repository/org/xerial/snappy/snappy-java/1.1.8.4/snappy-java-1.1.8.4.jar:/home/blitz/.m2/repository/org/slf4j/slf4j-api/1.7.36/slf4j-api-1.7.36.jar:/home/blitz/.m2/repository/javax/ws/rs/javax.ws.rs-api/2.1.1/javax.ws.rs-api-2.1.1.jar:/home/blitz/.m2/repository/org/apache/kafka/connect-transforms/3.3.1/connect-transforms-3.3.1.jar:/home/blitz/.m2/repository/org/junit/jupiter/junit-jupiter-engine/5.5.2/junit-jupiter-engine-5.5.2.jar:/home/blitz/.m2/repository/org/apiguardian/apiguardian-api/1.1.0/apiguardian-api-1.1.0.jar:/home/blitz/.m2/repository/org/junit/platform/junit-platform-engine/1.5.2/junit-platform-engine-1.5.2.jar:/home/blitz/.m2/repository/org/opentest4j/opentest4j/1.2.0/opentest4j-1.2.0.jar:/home/blitz/.m2/repository/org/junit/platform/junit-platform-commons/1.5.2/junit-platform-commons-1.5.2.jar:/home/blitz/.m2/repository/org/junit/jupiter/junit-jupiter-api/5.5.2/junit-jupiter-api-5.5.2.jar:/home/blitz/.m2/repository/org/junit/jupiter/junit-jupiter-params/5.5.2/junit-jupiter-params-5.5.2.jar:/home/blitz/.m2/repository/org/junit/vintage/junit-vintage-engine/5.5.2/junit-vintage-engine-5.5.2.jar:/home/blitz/.m2/repository/junit/junit/4.12/junit-4.12.jar:/home/blitz/.m2/repository/org/hamcrest/hamcrest-core/1.3/hamcrest-core-1.3.jar:/home/blitz/.m2/repository/org/junit/platform/junit-platform-runner/1.5.2/junit-platform-runner-1.5.2.jar:/home/blitz/.m2/repository/org/junit/platform/junit-platform-launcher/1.5.2/junit-platform-launcher-1.5.2.jar:/home/blitz/.m2/repository/org/junit/platform/junit-platform-suite-api/1.5.2/junit-platform-suite-api-1.5.2.jar:/home/blitz/.m2/repository/org/junit/platform/junit-platform-console/1.5.2/junit-platform-console-1.5.2.jar:/home/blitz/.m2/repository/org/junit/platform/junit-platform-reporting/1.5.2/junit-platform-reporting-1.5.2.jar:/home/blitz/.m2/repository/org/hamcrest/hamcrest-junit/2.0.0.0/hamcrest-junit-2.0.0.0.jar:/home/blitz/.m2/repository/org/hamcrest/java-hamcrest/2.0.0.0/java-hamcrest-2.0.0.0.jar:/home/blitz/.m2/repository/org/mockito/mockito-core/3.2.4/mockito-core-3.2.4.jar:/home/blitz/.m2/repository/net/bytebuddy/byte-buddy/1.10.5/byte-buddy-1.10.5.jar:/home/blitz/.m2/repository/net/bytebuddy/byte-buddy-agent/1.10.5/byte-buddy-agent-1.10.5.jar:/home/blitz/.m2/repository/org/objenesis/objenesis/2.6/objenesis-2.6.jar:/home/blitz/.m2/repository/com/github/javadev/underscore/1.81/underscore-1.81.jar:/home/blitz/.m2/repository/org/mongodb/bson/4.8.0/bson-4.8.0.jar:/home/blitz/.m2/repository/ch/qos/logback/logback-classic/1.4.14/logback-classic-1.4.14.jar:/home/blitz/.m2/repository/ch/qos/logback/logback-core/1.4.14/logback-core-1.4.14.jar:/home/blitz/.m2/repository/org/testcontainers/testcontainers/1.19.3/testcontainers-1.19.3.jar:/home/blitz/.m2/repository/org/apache/commons/commons-compress/1.24.0/commons-compress-1.24.0.jar:/home/blitz/.m2/repository/org/rnorth/duct-tape/duct-tape/1.0.8/duct-tape-1.0.8.jar:/home/blitz/.m2/repository/org/jetbrains/annotations/17.0.0/annotations-17.0.0.jar:/home/blitz/.m2/repository/com/github/docker-java/docker-java-api/3.3.4/docker-java-api-3.3.4.jar:/home/blitz/.m2/repository/com/github/docker-java/docker-java-transport-zerodep/3.3.4/docker-java-transport-zerodep-3.3.4.jar:/home/blitz/.m2/repository/com/github/docker-java/docker-java-transport/3.3.4/docker-java-transport-3.3.4.jar:/home/blitz/.m2/repository/net/java/dev/jna/jna/5.13.0/jna-5.13.0.jar:/home/blitz/.m2/repository/org/testcontainers/kafka/1.19.3/kafka-1.19.3.jar:/home/blitz/.m2/repository/com/esotericsoftware/yamlbeans/yamlbeans/1.15/yamlbeans-1.15.jar:/home/blitz/.m2/repository/com/squareup/okhttp3/okhttp/4.10.0/okhttp-4.10.0.jar:/home/blitz/.m2/repository/com/squareup/okio/okio-jvm/3.0.0/okio-jvm-3.0.0.jar:/home/blitz/.m2/repository/org/jetbrains/kotlin/kotlin-stdlib-jdk8/1.5.31/kotlin-stdlib-jdk8-1.5.31.jar:/home/blitz/.m2/repository/org/jetbrains/kotlin/kotlin-stdlib-jdk7/1.5.31/kotlin-stdlib-jdk7-1.5.31.jar:/home/blitz/.m2/repository/org/jetbrains/kotlin/kotlin-stdlib-common/1.5.31/kotlin-stdlib-common-1.5.31.jar:/home/blitz/.m2/repository/org/jetbrains/kotlin/kotlin-stdlib/1.6.20/kotlin-stdlib-1.6.20.jar:/home/blitz/.m2/repository/org/apache/avro/avro/1.11.1/avro-1.11.1.jar:/home/blitz/.m2/repository/com/fasterxml/jackson/core/jackson-core/2.12.7/jackson-core-2.12.7.jar:/home/blitz/.m2/repository/com/fasterxml/jackson/core/jackson-databind/2.12.7/jackson-databind-2.12.7.jar:/home/blitz/.m2/repository/io/confluent/kafka-avro-serializer/7.2.2/kafka-avro-serializer-7.2.2.jar:/home/blitz/.m2/repository/io/confluent/kafka-schema-serializer/7.2.2/kafka-schema-serializer-7.2.2.jar:/home/blitz/.m2/repository/io/confluent/kafka-schema-registry-client/7.2.2/kafka-schema-registry-client-7.2.2.jar:/home/blitz/.m2/repository/io/swagger/core/v3/swagger-annotations/2.1.10/swagger-annotations-2.1.10.jar:/home/blitz/.m2/repository/com/google/guava/guava/30.1.1-jre/guava-30.1.1-jre.jar:/home/blitz/.m2/repository/com/google/guava/failureaccess/1.0.1/failureaccess-1.0.1.jar:/home/blitz/.m2/repository/com/google/guava/listenablefuture/9999.0-empty-to-avoid-conflict-with-guava/listenablefuture-9999.0-empty-to-avoid-conflict-with-guava.jar:/home/blitz/.m2/repository/com/google/code/findbugs/jsr305/3.0.2/jsr305-3.0.2.jar:/home/blitz/.m2/repository/com/google/errorprone/error_prone_annotations/2.5.1/error_prone_annotations-2.5.1.jar:/home/blitz/.m2/repository/com/google/j2objc/j2objc-annotations/1.3/j2objc-annotations-1.3.jar:/home/blitz/.m2/repository/io/confluent/logredactor/1.0.10/logredactor-1.0.10.jar:/home/blitz/.m2/repository/com/google/re2j/re2j/1.6/re2j-1.6.jar:/home/blitz/.m2/repository/io/confluent/logredactor-metrics/1.0.10/logredactor-metrics-1.0.10.jar:/home/blitz/.m2/repository/com/eclipsesource/minimal-json/minimal-json/0.9.5/minimal-json-0.9.5.jar:/home/blitz/.m2/repository/io/confluent/common-utils/7.2.2/common-utils-7.2.2.jar:/home/blitz/.m2/repository/com/fasterxml/jackson/core/jackson-annotations/2.13.4/jackson-annotations-2.13.4.jar:/home/blitz/.m2/repository/org/postgresql/postgresql/42.5.0/postgresql-42.5.0.jar:/home/blitz/.m2/repository/org/checkerframework/checker-qual/3.5.0/checker-qual-3.5.0.jar:/home/blitz/.m2/repository/org/slf4j/slf4j-simple/2.0.9/slf4j-simple-2.0.9.jar:"/>
    <property name="sun.cpu.endian" value="little"/>
    <property name="user.home" value="/home/blitz"/>
    <property name="user.language" value="es"/>
    <property name="java.specification.vendor" value="Oracle Corporation"/>
    <property name="java.version.date" value="2025-01-21"/>
    <property name="java.home" value="/usr/lib/jvm/java-23-openjdk"/>
    <property name="file.separator" value="/"/>
    <property name="basedir" value="/run/media/blitz/Gaming/development/ntt/ntt/kafka-connect-transform-tojsonstring"/>
    <property name="java.vm.compressedOopsMode" value="Zero based"/>
    <property name="line.separator" value="&#10;"/>
    <property name="java.specification.name" value="Java Platform API Specification"/>
    <property name="java.vm.specification.vendor" value="Oracle Corporation"/>
    <property name="surefire.real.class.path" value="/run/media/blitz/Gaming/development/ntt/ntt/kafka-connect-transform-tojsonstring/target/surefire/surefirebooter-20250206193910296_3.jar"/>
    <property name="sun.management.compiler" value="HotSpot 64-Bit Tiered Compilers"/>
    <property name="java.runtime.version" value="23.0.2"/>
    <property name="user.name" value="blitz"/>
    <property name="stdout.encoding" value="UTF-8"/>
    <property name="path.separator" value=":"/>
    <property name="os.version" value="6.13.1-arch1-1"/>
    <property name="java.runtime.name" value="OpenJDK Runtime Environment"/>
    <property name="file.encoding" value="UTF-8"/>
    <property name="java.vm.name" value="OpenJDK 64-Bit Server VM"/>
    <property name="localRepository" value="/home/blitz/.m2/repository"/>
    <property name="java.vendor.url.bug" value="https://bugreport.java.com/bugreport/"/>
    <property name="java.io.tmpdir" value="/tmp"/>
    <property name="java.version" value="23.0.2"/>
    <property name="user.dir" value="/run/media/blitz/Gaming/development/ntt/ntt/kafka-connect-transform-tojsonstring"/>
    <property name="os.arch" value="amd64"/>
    <property name="java.vm.specification.name" value="Java Virtual Machine Specification"/>
    <property name="native.encoding" value="UTF-8"/>
    <property name="java.library.path" value=":/opt/cuda/lib64:/opt/cuda/lib:/usr/java/packages/lib:/usr/lib64:/lib64:/lib:/usr/lib"/>
    <property name="java.vm.info" value="mixed mode, sharing"/>
    <property name="stderr.encoding" value="UTF-8"/>
    <property name="java.vendor" value="Arch Linux"/>
    <property name="java.vm.version" value="23.0.2"/>
    <property name="sun.io.unicode.encoding" value="UnicodeLittle"/>
    <property name="java.class.version" value="67.0"/>
  </properties>
  <testcase name="transformRecordValue2JsonStringXMLTest" classname="com.github.cedelsb.kafka.connect.smt.Record2JsonStringConverterTest" time="0.106"/>
  <testcase name="transformRecordKey2JsonStringTest" classname="com.github.cedelsb.kafka.connect.smt.Record2JsonStringConverterTest" time="0.001"/>
  <testcase name="transformRecordValue2JsonStringLogicalTypesDatetimeAsStringWithPatternAndZoneIdTest" classname="com.github.cedelsb.kafka.connect.smt.Record2JsonStringConverterTest" time="0.011">
    <system-err><![CDATA[java.lang.instrument.IllegalClassFormatException: Error while instrumenting sun/util/resources/cldr/ext/TimeZoneNames_en_001.
	at org.jacoco.agent.rt.internal_f3994fa.CoverageTransformer.transform(CoverageTransformer.java:94)
	at java.instrument/java.lang.instrument.ClassFileTransformer.transform(ClassFileTransformer.java:242)
	at java.instrument/sun.instrument.TransformerManager.transform(TransformerManager.java:188)
	at java.instrument/sun.instrument.InstrumentationImpl.transform(InstrumentationImpl.java:610)
	at java.base/java.lang.ClassLoader.defineClass2(Native Method)
	at java.base/java.lang.ClassLoader.defineClass(ClassLoader.java:1116)
	at java.base/java.security.SecureClassLoader.defineClass(SecureClassLoader.java:182)
	at java.base/jdk.internal.loader.BuiltinClassLoader.defineClass(BuiltinClassLoader.java:821)
	at java.base/jdk.internal.loader.BuiltinClassLoader.findClassInModuleOrNull(BuiltinClassLoader.java:741)
	at java.base/jdk.internal.loader.BuiltinClassLoader.findClass(BuiltinClassLoader.java:621)
	at java.base/java.lang.ClassLoader.loadClass(ClassLoader.java:640)
	at java.base/java.lang.Class.forName(Class.java:669)
	at java.base/java.lang.Class.forName(Class.java:644)
	at jdk.localedata/sun.util.resources.provider.LocaleDataProvider.loadResourceBundle(LocaleDataProvider.java:53)
	at jdk.localedata/sun.util.resources.provider.LocaleDataProvider.getBundle(LocaleDataProvider.java:39)
	at java.base/sun.util.resources.Bundles$2.run(Bundles.java:270)
	at java.base/sun.util.resources.Bundles$2.run(Bundles.java:265)
	at java.base/java.security.AccessController.doPrivileged(AccessController.java:319)
	at java.base/sun.util.resources.Bundles.loadBundleFromProviders(Bundles.java:264)
	at java.base/sun.util.resources.Bundles.findBundleOf(Bundles.java:201)
	at java.base/sun.util.resources.Bundles.findBundleOf(Bundles.java:160)
	at java.base/sun.util.resources.Bundles.loadBundleOf(Bundles.java:145)
	at java.base/sun.util.resources.Bundles.of(Bundles.java:106)
	at java.base/sun.util.resources.LocaleData$1.run(LocaleData.java:185)
	at java.base/sun.util.resources.LocaleData$1.run(LocaleData.java:182)
	at java.base/java.security.AccessController.doPrivileged(AccessController.java:319)
	at java.base/sun.util.resources.LocaleData.getBundle(LocaleData.java:182)
	at java.base/sun.util.resources.LocaleData.getTimeZoneNames(LocaleData.java:113)
	at java.base/sun.util.locale.provider.LocaleResources.getTimeZoneNames(LocaleResources.java:325)
	at java.base/sun.util.locale.provider.TimeZoneNameProviderImpl.getDisplayNameArray(TimeZoneNameProviderImpl.java:127)
	at java.base/sun.util.cldr.CLDRTimeZoneNameProviderImpl.getDisplayNameArray(CLDRTimeZoneNameProviderImpl.java:77)
	at java.base/sun.util.locale.provider.TimeZoneNameProviderImpl.getDisplayName(TimeZoneNameProviderImpl.java:99)
	at java.base/sun.util.locale.provider.TimeZoneNameUtility$TimeZoneNameGetter.getName(TimeZoneNameUtility.java:271)
	at java.base/sun.util.locale.provider.TimeZoneNameUtility$TimeZoneNameGetter.getObject(TimeZoneNameUtility.java:229)
	at java.base/sun.util.locale.provider.TimeZoneNameUtility$TimeZoneNameGetter.getObject(TimeZoneNameUtility.java:215)
	at java.base/sun.util.locale.provider.LocaleServiceProviderPool.getLocalizedObjectImpl(LocaleServiceProviderPool.java:284)
	at java.base/sun.util.locale.provider.LocaleServiceProviderPool.getLocalizedObject(LocaleServiceProviderPool.java:245)
	at java.base/sun.util.locale.provider.TimeZoneNameUtility.retrieveDisplayNamesImpl(TimeZoneNameUtility.java:197)
	at java.base/sun.util.locale.provider.TimeZoneNameUtility.retrieveDisplayNames(TimeZoneNameUtility.java:120)
	at java.base/java.time.format.DateTimeFormatterBuilder$ZoneTextPrinterParser.getDisplayName(DateTimeFormatterBuilder.java:4484)
	at java.base/java.time.format.DateTimeFormatterBuilder$ZoneTextPrinterParser.format(DateTimeFormatterBuilder.java:4535)
	at java.base/java.time.format.DateTimeFormatterBuilder$CompositePrinterParser.format(DateTimeFormatterBuilder.java:2537)
	at java.base/java.time.format.DateTimeFormatter.formatTo(DateTimeFormatter.java:1905)
	at java.base/java.time.format.DateTimeFormatter.format(DateTimeFormatter.java:1879)
	at com.github.cedelsb.kafka.connect.smt.converter.types.json.JsonDateTimeAsStringConverter.convert(JsonDateTimeAsStringConverter.java:86)
	at com.github.cedelsb.kafka.connect.smt.converter.types.json.JsonDateTimeAsStringConverter.convert(JsonDateTimeAsStringConverter.java:29)
	at org.bson.json.JsonWriter.doWriteDateTime(JsonWriter.java:129)
	at org.bson.AbstractBsonWriter.writeDateTime(AbstractBsonWriter.java:394)
	at org.bson.codecs.BsonDateTimeCodec.encode(BsonDateTimeCodec.java:36)
	at org.bson.codecs.BsonDateTimeCodec.encode(BsonDateTimeCodec.java:28)
	at org.bson.codecs.EncoderContext.encodeWithChildContext(EncoderContext.java:91)
	at org.bson.codecs.BsonDocumentCodec.writeValue(BsonDocumentCodec.java:139)
	at org.bson.codecs.BsonDocumentCodec.encode(BsonDocumentCodec.java:118)
	at org.bson.BsonDocument.toJson(BsonDocument.java:849)
	at com.github.cedelsb.kafka.connect.smt.Record2JsonStringConverter.apply(Record2JsonStringConverter.java:150)
	at com.github.cedelsb.kafka.connect.smt.Record2JsonStringConverterTest.transformRecordValue2JsonStringLogicalTypesDatetimeAsStringWithPatternAndZoneIdTest(Record2JsonStringConverterTest.java:297)
	at java.base/jdk.internal.reflect.DirectMethodHandleAccessor.invoke(DirectMethodHandleAccessor.java:103)
	at java.base/java.lang.reflect.Method.invoke(Method.java:580)
	at org.junit.runners.model.FrameworkMethod$1.runReflectiveCall(FrameworkMethod.java:50)
	at org.junit.internal.runners.model.ReflectiveCallable.run(ReflectiveCallable.java:12)
	at org.junit.runners.model.FrameworkMethod.invokeExplosively(FrameworkMethod.java:47)
	at org.junit.internal.runners.statements.InvokeMethod.evaluate(InvokeMethod.java:17)
	at org.junit.internal.runners.statements.RunBefores.evaluate(RunBefores.java:26)
	at org.junit.runners.ParentRunner.runLeaf(ParentRunner.java:325)
	at org.junit.runners.BlockJUnit4ClassRunner.runChild(BlockJUnit4ClassRunner.java:78)
	at org.junit.runners.BlockJUnit4ClassRunner.runChild(BlockJUnit4ClassRunner.java:57)
	at org.junit.runners.ParentRunner$3.run(ParentRunner.java:290)
	at org.junit.runners.ParentRunner$1.schedule(ParentRunner.java:71)
	at org.junit.runners.ParentRunner.runChildren(ParentRunner.java:288)
	at org.junit.runners.ParentRunner.access$000(ParentRunner.java:58)
	at org.junit.runners.ParentRunner$2.evaluate(ParentRunner.java:268)
	at org.junit.runners.ParentRunner.run(ParentRunner.java:363)
	at org.apache.maven.surefire.junit4.JUnit4Provider.execute(JUnit4Provider.java:316)
	at org.apache.maven.surefire.junit4.JUnit4Provider.executeWithRerun(JUnit4Provider.java:240)
	at org.apache.maven.surefire.junit4.JUnit4Provider.executeTestSet(JUnit4Provider.java:214)
	at org.apache.maven.surefire.junit4.JUnit4Provider.invoke(JUnit4Provider.java:155)
	at org.apache.maven.surefire.booter.ForkedBooter.runSuitesInProcess(ForkedBooter.java:385)
	at org.apache.maven.surefire.booter.ForkedBooter.execute(ForkedBooter.java:162)
	at org.apache.maven.surefire.booter.ForkedBooter.run(ForkedBooter.java:507)
	at org.apache.maven.surefire.booter.ForkedBooter.main(ForkedBooter.java:495)
Caused by: java.io.IOException: Error while instrumenting sun/util/resources/cldr/ext/TimeZoneNames_en_001.
	at org.jacoco.agent.rt.internal_f3994fa.core.instr.Instrumenter.instrumentError(Instrumenter.java:160)
	at org.jacoco.agent.rt.internal_f3994fa.core.instr.Instrumenter.instrument(Instrumenter.java:110)
	at org.jacoco.agent.rt.internal_f3994fa.CoverageTransformer.transform(CoverageTransformer.java:92)
	... 79 more
Caused by: java.lang.IllegalArgumentException: Unsupported class file major version 67
	at org.jacoco.agent.rt.internal_f3994fa.asm.ClassReader.<init>(ClassReader.java:196)
	at org.jacoco.agent.rt.internal_f3994fa.asm.ClassReader.<init>(ClassReader.java:177)
	at org.jacoco.agent.rt.internal_f3994fa.asm.ClassReader.<init>(ClassReader.java:163)
	at org.jacoco.agent.rt.internal_f3994fa.core.internal.instr.InstrSupport.classReaderFor(InstrSupport.java:280)
	at org.jacoco.agent.rt.internal_f3994fa.core.instr.Instrumenter.instrument(Instrumenter.java:76)
	at org.jacoco.agent.rt.internal_f3994fa.core.instr.Instrumenter.instrument(Instrumenter.java:108)
	... 80 more
java.lang.instrument.IllegalClassFormatException: Error while instrumenting sun/util/resources/cldr/ext/TimeZoneNames_en_GB.
	at org.jacoco.agent.rt.internal_f3994fa.CoverageTransformer.transform(CoverageTransformer.java:94)
	at java.instrument/java.lang.instrument.ClassFileTransformer.transform(ClassFileTransformer.java:242)
	at java.instrument/sun.instrument.TransformerManager.transform(TransformerManager.java:188)
	at java.instrument/sun.instrument.InstrumentationImpl.transform(InstrumentationImpl.java:610)
	at java.base/java.lang.ClassLoader.defineClass2(Native Method)
	at java.base/java.lang.ClassLoader.defineClass(ClassLoader.java:1116)
	at java.base/java.security.SecureClassLoader.defineClass(SecureClassLoader.java:182)
	at java.base/jdk.internal.loader.BuiltinClassLoader.defineClass(BuiltinClassLoader.java:821)
	at java.base/jdk.internal.loader.BuiltinClassLoader.findClassInModuleOrNull(BuiltinClassLoader.java:741)
	at java.base/jdk.internal.loader.BuiltinClassLoader.findClass(BuiltinClassLoader.java:621)
	at java.base/java.lang.ClassLoader.loadClass(ClassLoader.java:640)
	at java.base/java.lang.Class.forName(Class.java:669)
	at java.base/java.lang.Class.forName(Class.java:644)
	at jdk.localedata/sun.util.resources.provider.LocaleDataProvider.loadResourceBundle(LocaleDataProvider.java:53)
	at jdk.localedata/sun.util.resources.provider.LocaleDataProvider.getBundle(LocaleDataProvider.java:39)
	at java.base/sun.util.resources.Bundles$2.run(Bundles.java:270)
	at java.base/sun.util.resources.Bundles$2.run(Bundles.java:265)
	at java.base/java.security.AccessController.doPrivileged(AccessController.java:319)
	at java.base/sun.util.resources.Bundles.loadBundleFromProviders(Bundles.java:264)
	at java.base/sun.util.resources.Bundles.findBundleOf(Bundles.java:201)
	at java.base/sun.util.resources.Bundles.loadBundleOf(Bundles.java:145)
	at java.base/sun.util.resources.Bundles.of(Bundles.java:106)
	at java.base/sun.util.resources.LocaleData$1.run(LocaleData.java:185)
	at java.base/sun.util.resources.LocaleData$1.run(LocaleData.java:182)
	at java.base/java.security.AccessController.doPrivileged(AccessController.java:319)
	at java.base/sun.util.resources.LocaleData.getBundle(LocaleData.java:182)
	at java.base/sun.util.resources.LocaleData.getTimeZoneNames(LocaleData.java:113)
	at java.base/sun.util.locale.provider.LocaleResources.getTimeZoneNames(LocaleResources.java:325)
	at java.base/sun.util.locale.provider.TimeZoneNameProviderImpl.getDisplayNameArray(TimeZoneNameProviderImpl.java:127)
	at java.base/sun.util.cldr.CLDRTimeZoneNameProviderImpl.getDisplayNameArray(CLDRTimeZoneNameProviderImpl.java:77)
	at java.base/sun.util.locale.provider.TimeZoneNameProviderImpl.getDisplayName(TimeZoneNameProviderImpl.java:99)
	at java.base/sun.util.locale.provider.TimeZoneNameUtility$TimeZoneNameGetter.getName(TimeZoneNameUtility.java:271)
	at java.base/sun.util.locale.provider.TimeZoneNameUtility$TimeZoneNameGetter.getObject(TimeZoneNameUtility.java:229)
	at java.base/sun.util.locale.provider.TimeZoneNameUtility$TimeZoneNameGetter.getObject(TimeZoneNameUtility.java:215)
	at java.base/sun.util.locale.provider.LocaleServiceProviderPool.getLocalizedObjectImpl(LocaleServiceProviderPool.java:284)
	at java.base/sun.util.locale.provider.LocaleServiceProviderPool.getLocalizedObject(LocaleServiceProviderPool.java:245)
	at java.base/sun.util.locale.provider.TimeZoneNameUtility.retrieveDisplayNamesImpl(TimeZoneNameUtility.java:197)
	at java.base/sun.util.locale.provider.TimeZoneNameUtility.retrieveDisplayNames(TimeZoneNameUtility.java:120)
	at java.base/java.time.format.DateTimeFormatterBuilder$ZoneTextPrinterParser.getDisplayName(DateTimeFormatterBuilder.java:4484)
	at java.base/java.time.format.DateTimeFormatterBuilder$ZoneTextPrinterParser.format(DateTimeFormatterBuilder.java:4535)
	at java.base/java.time.format.DateTimeFormatterBuilder$CompositePrinterParser.format(DateTimeFormatterBuilder.java:2537)
	at java.base/java.time.format.DateTimeFormatter.formatTo(DateTimeFormatter.java:1905)
	at java.base/java.time.format.DateTimeFormatter.format(DateTimeFormatter.java:1879)
	at com.github.cedelsb.kafka.connect.smt.converter.types.json.JsonDateTimeAsStringConverter.convert(JsonDateTimeAsStringConverter.java:86)
	at com.github.cedelsb.kafka.connect.smt.converter.types.json.JsonDateTimeAsStringConverter.convert(JsonDateTimeAsStringConverter.java:29)
	at org.bson.json.JsonWriter.doWriteDateTime(JsonWriter.java:129)
	at org.bson.AbstractBsonWriter.writeDateTime(AbstractBsonWriter.java:394)
	at org.bson.codecs.BsonDateTimeCodec.encode(BsonDateTimeCodec.java:36)
	at org.bson.codecs.BsonDateTimeCodec.encode(BsonDateTimeCodec.java:28)
	at org.bson.codecs.EncoderContext.encodeWithChildContext(EncoderContext.java:91)
	at org.bson.codecs.BsonDocumentCodec.writeValue(BsonDocumentCodec.java:139)
	at org.bson.codecs.BsonDocumentCodec.encode(BsonDocumentCodec.java:118)
	at org.bson.BsonDocument.toJson(BsonDocument.java:849)
	at com.github.cedelsb.kafka.connect.smt.Record2JsonStringConverter.apply(Record2JsonStringConverter.java:150)
	at com.github.cedelsb.kafka.connect.smt.Record2JsonStringConverterTest.transformRecordValue2JsonStringLogicalTypesDatetimeAsStringWithPatternAndZoneIdTest(Record2JsonStringConverterTest.java:297)
	at java.base/jdk.internal.reflect.DirectMethodHandleAccessor.invoke(DirectMethodHandleAccessor.java:103)
	at java.base/java.lang.reflect.Method.invoke(Method.java:580)
	at org.junit.runners.model.FrameworkMethod$1.runReflectiveCall(FrameworkMethod.java:50)
	at org.junit.internal.runners.model.ReflectiveCallable.run(ReflectiveCallable.java:12)
	at org.junit.runners.model.FrameworkMethod.invokeExplosively(FrameworkMethod.java:47)
	at org.junit.internal.runners.statements.InvokeMethod.evaluate(InvokeMethod.java:17)
	at org.junit.internal.runners.statements.RunBefores.evaluate(RunBefores.java:26)
	at org.junit.runners.ParentRunner.runLeaf(ParentRunner.java:325)
	at org.junit.runners.BlockJUnit4ClassRunner.runChild(BlockJUnit4ClassRunner.java:78)
	at org.junit.runners.BlockJUnit4ClassRunner.runChild(BlockJUnit4ClassRunner.java:57)
	at org.junit.runners.ParentRunner$3.run(ParentRunner.java:290)
	at org.junit.runners.ParentRunner$1.schedule(ParentRunner.java:71)
	at org.junit.runners.ParentRunner.runChildren(ParentRunner.java:288)
	at org.junit.runners.ParentRunner.access$000(ParentRunner.java:58)
	at org.junit.runners.ParentRunner$2.evaluate(ParentRunner.java:268)
	at org.junit.runners.ParentRunner.run(ParentRunner.java:363)
	at org.apache.maven.surefire.junit4.JUnit4Provider.execute(JUnit4Provider.java:316)
	at org.apache.maven.surefire.junit4.JUnit4Provider.executeWithRerun(JUnit4Provider.java:240)
	at org.apache.maven.surefire.junit4.JUnit4Provider.executeTestSet(JUnit4Provider.java:214)
	at org.apache.maven.surefire.junit4.JUnit4Provider.invoke(JUnit4Provider.java:155)
	at org.apache.maven.surefire.booter.ForkedBooter.runSuitesInProcess(ForkedBooter.java:385)
	at org.apache.maven.surefire.booter.ForkedBooter.execute(ForkedBooter.java:162)
	at org.apache.maven.surefire.booter.ForkedBooter.run(ForkedBooter.java:507)
	at org.apache.maven.surefire.booter.ForkedBooter.main(ForkedBooter.java:495)
Caused by: java.io.IOException: Error while instrumenting sun/util/resources/cldr/ext/TimeZoneNames_en_GB.
	at org.jacoco.agent.rt.internal_f3994fa.core.instr.Instrumenter.instrumentError(Instrumenter.java:160)
	at org.jacoco.agent.rt.internal_f3994fa.core.instr.Instrumenter.instrument(Instrumenter.java:110)
	at org.jacoco.agent.rt.internal_f3994fa.CoverageTransformer.transform(CoverageTransformer.java:92)
	... 78 more
Caused by: java.lang.IllegalArgumentException: Unsupported class file major version 67
	at org.jacoco.agent.rt.internal_f3994fa.asm.ClassReader.<init>(ClassReader.java:196)
	at org.jacoco.agent.rt.internal_f3994fa.asm.ClassReader.<init>(ClassReader.java:177)
	at org.jacoco.agent.rt.internal_f3994fa.asm.ClassReader.<init>(ClassReader.java:163)
	at org.jacoco.agent.rt.internal_f3994fa.core.internal.instr.InstrSupport.classReaderFor(InstrSupport.java:280)
	at org.jacoco.agent.rt.internal_f3994fa.core.instr.Instrumenter.instrument(Instrumenter.java:76)
	at org.jacoco.agent.rt.internal_f3994fa.core.instr.Instrumenter.instrument(Instrumenter.java:108)
	... 79 more
]]></system-err>
  </testcase>
  <testcase name="transformRecordValue2JsonStringLogicalTypesTest" classname="com.github.cedelsb.kafka.connect.smt.Record2JsonStringConverterTest" time="0.0"/>
  <testcase name="handleTombstoneRecord" classname="com.github.cedelsb.kafka.connect.smt.Record2JsonStringConverterTest" time="0.0"/>
  <testcase name="transformRecordValue2JsonStringLogicalTypesDatetimeAsStringWithDefinedPatternAndZoneIdTest" classname="com.github.cedelsb.kafka.connect.smt.Record2JsonStringConverterTest" time="0.001"/>
  <testcase name="transformRecordValue2JsonStringLogicalTypesDatetimeAsWRONGVLAUETest" classname="com.github.cedelsb.kafka.connect.smt.Record2JsonStringConverterTest" time="0.0"/>
  <testcase name="transformRecordValue2JsonStringWithoutSchemaTest" classname="com.github.cedelsb.kafka.connect.smt.Record2JsonStringConverterTest" time="0.003"/>
  <testcase name="transformRecordValue2JsonStringLogicalTypesDatetimeAsStringTest" classname="com.github.cedelsb.kafka.connect.smt.Record2JsonStringConverterTest" time="0.001"/>
  <testcase name="transformRecordValue2JsonStringEXTENDEDModeTest" classname="com.github.cedelsb.kafka.connect.smt.Record2JsonStringConverterTest" time="0.001"/>
  <testcase name="transformRecordValue2JsonStringTest" classname="com.github.cedelsb.kafka.connect.smt.Record2JsonStringConverterTest" time="0.0"/>
  <testcase name="transformRecordValue2JsonStringLogicalTypesDatetimeAsLongTest" classname="com.github.cedelsb.kafka.connect.smt.Record2JsonStringConverterTest" time="0.002"/>
  <testcase name="transformRecordValue2JsonStringLogicalTypesDatetimeAsStringWithZoneIdTest" classname="com.github.cedelsb.kafka.connect.smt.Record2JsonStringConverterTest" time="0.002"/>
  <testcase name="transformRecordValue2JsonStringSTRICTModeTest" classname="com.github.cedelsb.kafka.connect.smt.Record2JsonStringConverterTest" time="0.001"/>
</testsuite>